Removed world/DIM-1/data/raids.dat: not used
Removed world/DIM-1/entities/r.-10.1.mca: 0 size
Removed world/DIM-1/entities/r.-10.2.mca: 0 size
Removed world/DIM-1/entities/r.-10.3.mca: 0 size
Removed world/DIM-1/entities/r.-10.4.mca: 0 size
Removed world/DIM-1/entities/r.-16.4.mca: 0 size
Removed world/DIM-1/entities/r.-17.4.mca: 0 size
Removed world/DIM-1/entities/r.-18.0.mca: 0 size
Removed world/DIM-1/entities/r.-19.0.mca: 0 size
Removed world/DIM-1/entities/r.-20.0.mca: 0 size
Removed world/DIM-1/entities/r.0.2.mca: 0 size
Removed world/DIM-1/poi/r.-1.-2.mca: 0 size
Removed world/DIM-1/poi/r.-1.-4.mca: 0 size
Removed world/DIM-1/poi/r.-1.1.mca: 0 size
Removed world/DIM-1/poi/r.-10.1.mca: 0 size
Removed world/DIM-1/poi/r.-10.2.mca: 0 size
Removed world/DIM-1/poi/r.-10.3.mca: 0 size
Removed world/DIM-1/poi/r.-10.4.mca: 0 size
Removed world/DIM-1/poi/r.-11.1.mca: 0 size
Removed world/DIM-1/poi/r.-11.2.mca: 0 size
Removed world/DIM-1/poi/r.-17.3.mca: 0 size
Removed world/DIM-1/poi/r.-17.4.mca: 0 size
Removed world/DIM-1/poi/r.-18.0.mca: 0 size
Removed world/DIM-1/poi/r.-19.0.mca: 0 size
Removed world/DIM-1/poi/r.-2.-1.mca: 0 size
Removed world/DIM-1/poi/r.-2.1.mca: 0 size
Removed world/DIM-1/poi/r.-20.0.mca: 0 size
Removed world/DIM-1/poi/r.-3.-1.mca: 0 size
Removed world/DIM-1/poi/r.-3.1.mca: 0 size
Removed world/DIM-1/poi/r.-9.2.mca: 0 size
Removed world/DIM-1/poi/r.-9.3.mca: 0 size
Removed world/DIM-1/poi/r.-9.4.mca: 0 size
Removed world/DIM-1/poi/r.0.-2.mca: 0 size
Removed world/DIM-1/poi/r.0.2.mca: 0 size
Removed world/DIM-1/poi/r.0.3.mca: 0 size
Removed world/DIM-1/poi/r.1.-1.mca: 0 size
Removed world/DIM-1/poi/r.1.0.mca: 0 size
Removed world/DIM-1/poi/r.1.1.mca: 0 size
Removed world/DIM1/entities/r.-1.-4.mca: 0 size
Removed world/DIM1/poi/r.-1.-4.mca: 0 size
Removed world/DIM1/poi/r.0.-1.mca: 0 size
Removed world/DIM1/poi/r.0.0.mca: 0 size
Removed world/entities/r.-11.-1.mca: 0 size
Removed world/entities/r.-18.5.mca: 0 size
Removed world/entities/r.-2.-2.mca: 0 size
Removed world/entities/r.-20.-1.mca: 0 size
Removed world/gc-logs/gc-20210722_1143.log: not used
Removed world/gc-logs/gc-20210723_1046.log: not used
Removed world/gc-logs/gc-20210723_1122.log: not used
Removed world/playerdata/2c5e9b2e-9fa4-4c10-898a-e1d4bb79988c.dat_old: not used
Removed world/playerdata/9f3cb2eb-6d4c-4a7f-8637-7f1188b5fbbb.dat_old: not used
Removed world/playerdata/ed7f8bda-c5d6-4dd8-baa8-2d2795ae4192.dat_old: not used
Removed world/poi/r.-1.-2.mca: 0 size
Removed world/poi/r.-1.-3.mca: 0 size
Removed world/poi/r.-1.1.mca: 0 size
Removed world/poi/r.-1.2.mca: 0 size
Removed world/poi/r.-1.4.mca: 0 size
Removed world/poi/r.-10.0.mca: 0 size
Removed world/poi/r.-10.5.mca: 0 size
Removed world/poi/r.-11.0.mca: 0 size
Removed world/poi/r.-11.1.mca: 0 size
Removed world/poi/r.-11.2.mca: 0 size
Removed world/poi/r.-11.3.mca: 0 size
Removed world/poi/r.-11.4.mca: 0 size
Removed world/poi/r.-11.5.mca: 0 size
Removed world/poi/r.-13.-1.mca: 0 size
Removed world/poi/r.-16.4.mca: 0 size
Removed world/poi/r.-16.5.mca: 0 size
Removed world/poi/r.-17.5.mca: 0 size
Removed world/poi/r.-18.-1.mca: 0 size
Removed world/poi/r.-18.3.mca: 0 size
Removed world/poi/r.-18.4.mca: 0 size
Removed world/poi/r.-18.5.mca: 0 size
Removed world/poi/r.-19.-1.mca: 0 size
Removed world/poi/r.-2.-1.mca: 0 size
Removed world/poi/r.-2.-2.mca: 0 size
Removed world/poi/r.-2.-3.mca: 0 size
Removed world/poi/r.-2.-4.mca: 0 size
Removed world/poi/r.-20.-1.mca: 0 size
Removed world/poi/r.-8.1.mca: 0 size
Removed world/poi/r.-8.2.mca: 0 size
Removed world/poi/r.-8.3.mca: 0 size
Removed world/poi/r.-9.1.mca: 0 size
Removed world/poi/r.-9.4.mca: 0 size
Removed world/poi/r.-9.5.mca: 0 size
Removed world/poi/r.0.-2.mca: 0 size
Removed world/poi/r.0.-3.mca: 0 size
Removed world/poi/r.0.-4.mca: 0 size
Removed world/poi/r.1.-1.mca: 0 size
Removed world/poi/r.1.-2.mca: 0 size
Removed world/poi/r.1.0.mca: 0 size
Removed world/poi/r.1.1.mca: 0 size
Removed world/poi/r.1.2.mca: 0 size
Removed world/poi/r.1.4.mca: 0 size
Validated 557 files, 463 accepted, 94 rejected.
